c:\users\yongkangzheng\desktop\demo\demo\debug\demo.pch
c:\users\yongkangzheng\desktop\demo\demo\debug\vc142.pdb
c:\users\yongkangzheng\desktop\demo\demo\debug\vc142.idb
c:\users\yongkangzheng\desktop\demo\demo\debug\pch.obj
c:\users\yongkangzheng\desktop\demo\demo\debug\dllmain.obj
c:\users\yongkangzheng\desktop\demo\debug\demo.lib
c:\users\yongkangzheng\desktop\demo\debug\demo.exp
d:\baidunetdiskdownload\os-design\demo.lib
d:\baidunetdiskdownload\os-design\demo.exp
c:\users\yongkangzheng\desktop\demo\debug\demo.ilk
c:\users\yongkangzheng\desktop\demo\debug\demo.dll
c:\users\yongkangzheng\desktop\demo\debug\demo.pdb
d:\baidunetdiskdownload\os-design\demo.ilk
d:\baidunetdiskdownload\os-design\demo.dll
d:\baidunetdiskdownload\os-design\demo.pdb
c:\users\yongkangzheng\desktop\demo\demo\debug\demo.tlog\cl.command.1.tlog
c:\users\yongkangzheng\desktop\demo\demo\debug\demo.tlog\cl.read.1.tlog
c:\users\yongkangzheng\desktop\demo\demo\debug\demo.tlog\cl.write.1.tlog
c:\users\yongkangzheng\desktop\demo\demo\debug\demo.tlog\demo.write.1u.tlog
c:\users\yongkangzheng\desktop\demo\demo\debug\demo.tlog\link.command.1.tlog
c:\users\yongkangzheng\desktop\demo\demo\debug\demo.tlog\link.read.1.tlog
c:\users\yongkangzheng\desktop\demo\demo\debug\demo.tlog\link.write.1.tlog
